<?xml version="1.0" encoding="UTF-8"?>
<!-- Generated by org.testng.reporters.JUnitReportReporter -->
<testsuite hostname="vdesharaju10" name="testcases.verifyAPI" tests="2" failures="0" timestamp="14 Jul 2019 05:22:13 GMT" time="1.757" errors="0">
  <testcase name="verifyContent" time="1.587" classname="testcases.verifyAPI"/>
  <testcase name="verifyStatus" time="0.170" classname="testcases.verifyAPI"/>
</testsuite> <!-- testcases.verifyAPI -->
