<?xml version="1.0" encoding="UTF-8"?>
<!-- Generated by org.testng.reporters.JUnitReportReporter -->
<testsuite hostname="vdesharaju10" name="testcases.verifyAPI2" tests="1" failures="0" timestamp="10 Jul 2019 02:25:58 GMT" time="1.562" errors="0">
  <testcase name="verifyContent" time="1.562" classname="testcases.verifyAPI2"/>
</testsuite> <!-- testcases.verifyAPI2 -->
