<?xml version="1.0" encoding="UTF-8"?>
<!-- Generated by org.testng.reporters.JUnitReportReporter -->
<testsuite hostname="vdesharaju10" name="testcases.verifyAPI" tests="2" failures="0" timestamp="10 Jul 2019 02:25:51 GMT" time="1.689" errors="0">
  <testcase name="verifyStatus" time="0.149" classname="testcases.verifyAPI"/>
  <testcase name="verifyContent" time="1.540" classname="testcases.verifyAPI"/>
</testsuite> <!-- testcases.verifyAPI -->
