<?xml version="1.0" encoding="UTF-8"?>
<!-- Generated by org.testng.reporters.JUnitReportReporter -->
<testsuite hostname="vdesharaju10" name="testcases.verifyAPI" tests="2" failures="0" timestamp="14 Jul 2019 05:26:42 GMT" time="3.006" errors="0">
  <testcase name="verifyStatus" time="0.175" classname="testcases.verifyAPI"/>
  <testcase name="verifyContent" time="2.831" classname="testcases.verifyAPI"/>
</testsuite> <!-- testcases.verifyAPI -->
