<?xml version="1.0" encoding="UTF-8"?>
<!-- Generated by org.testng.reporters.JUnitReportReporter -->
<testsuite hostname="vdesharaju10" name="testcases.verifyAPI2" tests="1" failures="0" timestamp="11 Jul 2019 05:31:50 GMT" time="2.335" errors="0">
  <testcase name="verifyContent" time="2.335" classname="testcases.verifyAPI2"/>
</testsuite> <!-- testcases.verifyAPI2 -->
